DEB [20171116-09:03:10.408] thr=1   paramiko.transport: starting thread (client mode): 0xef533ed0L
DEB [20171116-09:03:10.408] thr=1   paramiko.transport: Local version/idstring: SSH-2.0-paramiko_1.16.0
DEB [20171116-09:03:10.420] thr=1   paramiko.transport: Remote version/idstring: SSH-2.0-OpenSSH_6.6.1
INF [20171116-09:03:10.421] thr=1   paramiko.transport: Connected (version 2.0, client OpenSSH_6.6.1)
DEB [20171116-09:03:10.423] thr=1   paramiko.transport: kex algos:[u'curve25519-sha256@libssh.org', u'ecdh-sha2-nistp256', u'ecdh-sha2-nistp384', u'ecdh-sha2-nistp521', u'diffie-hellman-group-exchange-sha256', u'diffie-hellman-group-exchange-sha1', u'diffie-hellman-group14-sha1', u'diffie-hellman-group1-sha1'] server key:[u'ssh-rsa', u'ecdsa-sha2-nistp256', u'ssh-ed25519'] client encrypt:[u'aes128-ctr', u'aes192-ctr', u'aes256-ctr', u'arcfour256', u'arcfour128', u'aes128-gcm@openssh.com', u'aes256-gcm@openssh.com', u'chacha20-poly1305@openssh.com', u'aes128-cbc', u'3des-cbc', u'blowfish-cbc', u'cast128-cbc', u'aes192-cbc', u'aes256-cbc', u'arcfour', u'rijndael-cbc@lysator.liu.se'] server encrypt:[u'aes128-ctr', u'aes192-ctr', u'aes256-ctr', u'arcfour256', u'arcfour128', u'aes128-gcm@openssh.com', u'aes256-gcm@openssh.com', u'chacha20-poly1305@openssh.com', u'aes128-cbc', u'3des-cbc', u'blowfish-cbc', u'cast128-cbc', u'aes192-cbc', u'aes256-cbc', u'arcfour', u'rijndael-cbc@lysator.liu.se'] client mac:[u'hmac-md5-etm@openssh.com', u'hmac-sha1-etm@openssh.com', u'umac-64-etm@openssh.com', u'umac-128-etm@openssh.com', u'hmac-sha2-256-etm@openssh.com', u'hmac-sha2-512-etm@openssh.com', u'hmac-ripemd160-etm@openssh.com', u'hmac-sha1-96-etm@openssh.com', u'hmac-md5-96-etm@openssh.com', u'hmac-md5', u'hmac-sha1', u'umac-64@openssh.com', u'umac-128@openssh.com', u'hmac-sha2-256', u'hmac-sha2-512', u'hmac-ripemd160', u'hmac-ripemd160@openssh.com', u'hmac-sha1-96', u'hmac-md5-96'] server mac:[u'hmac-md5-etm@openssh.com', u'hmac-sha1-etm@openssh.com', u'umac-64-etm@openssh.com', u'umac-128-etm@openssh.com', u'hmac-sha2-256-etm@openssh.com', u'hmac-sha2-512-etm@openssh.com', u'hmac-ripemd160-etm@openssh.com', u'hmac-sha1-96-etm@openssh.com', u'hmac-md5-96-etm@openssh.com', u'hmac-md5', u'hmac-sha1', u'umac-64@openssh.com', u'umac-128@openssh.com', u'hmac-sha2-256', u'hmac-sha2-512', u'hmac-ripemd160', u'hmac-ripemd160@openssh.com', u'hmac-sha1-96', u'hmac-md5-96'] client compress:[u'none', u'zlib@openssh.com'] server compress:[u'none', u'zlib@openssh.com'] client lang:[u''] server lang:[u''] kex follows?False
DEB [20171116-09:03:10.424] thr=1   paramiko.transport: Kex agreed: diffie-hellman-group1-sha1
DEB [20171116-09:03:10.424] thr=1   paramiko.transport: Cipher agreed: aes128-ctr
DEB [20171116-09:03:10.424] thr=1   paramiko.transport: MAC agreed: hmac-sha2-256
DEB [20171116-09:03:10.424] thr=1   paramiko.transport: Compression agreed: none
DEB [20171116-09:03:10.477] thr=1   paramiko.transport: kex engine KexGroup1 specified hash_algo <built-in function openssl_sha1>
DEB [20171116-09:03:10.478] thr=1   paramiko.transport: Switch to new keys ...
DEB [20171116-09:03:10.509] thr=2   paramiko.transport: Adding ssh-rsa host key for 190.5.195.18: 7bf8688b2ec5225115f3f11b3959d029
DEB [20171116-09:03:10.519] thr=1   paramiko.transport: userauth is OK
INF [20171116-09:03:10.580] thr=1   paramiko.transport: Authentication (password) successful!
DEB [20171116-09:03:10.611] thr=2   paramiko.transport: [chan 0] Max packet in: 32768 bytes
DEB [20171116-09:03:10.613] thr=1   paramiko.transport: [chan 0] Max packet out: 32768 bytes
DEB [20171116-09:03:10.613] thr=1   paramiko.transport: Secsh channel 0 opened.
DEB [20171116-09:03:10.617] thr=1   paramiko.transport: [chan 0] Sesch channel 0 request ok
DEB [20171116-09:03:10.619] thr=1   paramiko.transport: [chan 0] Sesch channel 0 request ok
DEB [20171116-09:03:20.743] thr=1   paramiko.transport: EOF in transport thread
